d:\programming\bezier\x64\debug\vc140.pdb
d:\programming\bezier\x64\debug\qrc_bezier.obj
d:\programming\bezier\x64\debug\main.obj
d:\programming\bezier\x64\debug\line.obj
d:\programming\bezier\x64\debug\bezierscreen.obj
d:\programming\bezier\x64\debug\bezier.obj
d:\programming\bezier\x64\debug\moc_bezierscreen.obj
d:\programming\bezier\x64\debug\moc_bezier.obj
d:\programming\bezier\x64\debug\window.obj
d:\programming\bezier\x64\debug\moc_window.obj
d:\programming\bezier\generatedfiles\qrc_bezier.cpp
d:\programming\bezier\generatedfiles\debug\moc_bezierscreen.cpp
d:\programming\bezier\generatedfiles\debug\moc_window.cpp
d:\programming\bezier\generatedfiles\ui_bezier.h
d:\programming\bezier\x64\debug\bezier.ilk
d:\programming\bezier\x64\debug\bezier.exe
d:\programming\bezier\x64\debug\bezier.pdb
d:\programming\bezier\x64\debug\bezier.tlog\cl.command.1.tlog
d:\programming\bezier\x64\debug\bezier.tlog\cl.read.1.tlog
d:\programming\bezier\x64\debug\bezier.tlog\cl.write.1.tlog
d:\programming\bezier\x64\debug\bezier.tlog\custombuild.command.1.tlog
d:\programming\bezier\x64\debug\bezier.tlog\custombuild.read.1.tlog
d:\programming\bezier\x64\debug\bezier.tlog\custombuild.write.1.tlog
d:\programming\bezier\x64\debug\bezier.tlog\link.command.1.tlog
d:\programming\bezier\x64\debug\bezier.tlog\link.read.1.tlog
d:\programming\bezier\x64\debug\bezier.tlog\link.write.1.tlog
